<?xml version="1.0" encoding="UTF-8"?>
<!-- Generated by org.testng.reporters.JUnitXMLReporter -->
<testsuite ignored="1" hostname="LAPTOP-MQCSFHCV" failures="1" tests="2" name="Error Validation Test" time="8.628" errors="0" timestamp="2024-03-09T15:11:31 IST">
  <testcase classname="rahulshettyacademy.Tests.ErrorValidationsTest_167" name="LoginErrorValidaton" time="0.842">
    <skipped/>
  </testcase> <!-- LoginErrorValidaton -->
  <testcase classname="rahulshettyacademy.Tests.ErrorValidationsTest_167" name="LoginErrorValidaton" time="0.772">
    <failure type="java.lang.AssertionError" message="expected [Incorrect email or password.] but found [Incorrect email password.]">
      <![CDATA[java.lang.AssertionError: expected [Incorrect email or password.] but found [Incorrect email password.]
at rahulshettyacademy.Tests.ErrorValidationsTest_167.LoginErrorValidaton(ErrorValidationsTest_167.java:17)
at java.base/java.util.ArrayList.forEach(ArrayList.java:1511)
at java.base/java.util.concurrent.FutureTask.run(FutureTask.java:264)
at java.base/java.util.concurrent.ThreadPoolExecutor.runWorker(ThreadPoolExecutor.java:1136)
at java.base/java.util.concurrent.ThreadPoolExecutor$Worker.run(ThreadPoolExecutor.java:635)
at java.base/java.lang.Thread.run(Thread.java:833)
... Removed 23 stack frames]]>
    </failure>
  </testcase> <!-- LoginErrorValidaton -->
  <testcase classname="rahulshettyacademy.Tests.ErrorValidationsTest_167" name="ProductErrorValidaton" time="0.0">
    <ignored/>
  </testcase> <!-- ProductErrorValidaton -->
</testsuite> <!-- Error Validation Test -->
