<?xml version="1.0" encoding="UTF-8"?>
<!-- Generated by org.testng.reporters.JUnitXMLReporter -->
<testsuite ignored="2" hostname="LAPTOP-MQCSFHCV" failures="0" tests="0" time="0.021" errors="0" timestamp="2024-03-09T15:11:23 IST">
  <testcase classname="rahulshettyacademy.Tests.SubmitOrderTest_160" name="submitOrder" time="0.0">
    <ignored/>
  </testcase> <!-- submitOrder -->
  <testcase classname="rahulshettyacademy.Tests.SubmitOrderTest_160" name="OrderHistoryTest" time="0.0">
    <ignored/>
  </testcase> <!-- OrderHistoryTest -->
</testsuite>
