<?xml version="1.0" encoding="UTF-8"?>
<!-- Generated by org.testng.reporters.JUnitXMLReporter -->
<testsuite ignored="0" hostname="LAPTOP-MQCSFHCV" failures="1" tests="3" name="Error Validation Test" time="21.446" errors="0" timestamp="2024-03-09T23:15:18 IST">
  <testcase classname="rahulshettyacademy.Tests.ErrorValidationsTest_167" name="LoginErrorValidaton" time="0.619">
    <skipped/>
  </testcase> <!-- LoginErrorValidaton -->
  <testcase classname="rahulshettyacademy.Tests.ErrorValidationsTest_167" name="LoginErrorValidaton" time="0.961">
    <failure type="java.lang.AssertionError" message="expected [Incorrect email or password.] but found [Incorrect email password.]">
      <![CDATA[java.lang.AssertionError: expected [Incorrect email or password.] but found [Incorrect email password.]
at rahulshettyacademy.Tests.ErrorValidationsTest_167.LoginErrorValidaton(ErrorValidationsTest_167.java:17)
at java.base/java.util.ArrayList.forEach(ArrayList.java:1596)
at java.base/java.util.concurrent.FutureTask.run(FutureTask.java:317)
at java.base/java.util.concurrent.ThreadPoolExecutor.runWorker(ThreadPoolExecutor.java:1144)
at java.base/java.util.concurrent.ThreadPoolExecutor$Worker.run(ThreadPoolExecutor.java:642)
at java.base/java.lang.Thread.run(Thread.java:1583)
... Removed 21 stack frames]]>
    </failure>
  </testcase> <!-- LoginErrorValidaton -->
  <testcase classname="rahulshettyacademy.Tests.ErrorValidationsTest_167" name="ProductErrorValidaton" time="5.207"/>
</testsuite> <!-- Error Validation Test -->
