<?xml version="1.0" encoding="UTF-8"?>
<!-- Generated by org.testng.reporters.JUnitXMLReporter -->
<testsuite ignored="0" hostname="LAPTOP-MQCSFHCV" failures="0" tests="3" name="Submit Order Test" time="30.514" errors="0" timestamp="2024-03-09T23:15:27 IST">
  <testcase classname="rahulshettyacademy.Tests.SubmitOrderTest_160" name="submitOrder" time="5.71"/>
  <testcase classname="rahulshettyacademy.Tests.SubmitOrderTest_160" name="submitOrder" time="10.222"/>
  <testcase classname="rahulshettyacademy.Tests.SubmitOrderTest_160" name="OrderHistoryTest" time="0.589"/>
</testsuite> <!-- Submit Order Test -->
